<?xml version="1.0" encoding="utf-8"?><testsuites name="pytest tests"><testsuite name="pytest" errors="0" failures="0" skipped="0" tests="16" time="7.242" timestamp="2026-07-05T22:55:55.655457+00:00" hostname="agent-env-3b5cbcbd-164a-49b2-bab9-51586c38df8f"><testcase classname="backend.tests.test_auth_flows_e2e.TestRegisterLogin" name="test_register_new_account_success" time="0.355" /><testcase classname="backend.tests.test_auth_flows_e2e.TestRegisterLogin" name="test_register_duplicate_email_rejected" time="0.374" /><testcase classname="backend.tests.test_auth_flows_e2e.TestRegisterLogin" name="test_login_success" time="0.592" /><testcase classname="backend.tests.test_auth_flows_e2e.TestRegisterLogin" name="test_login_wrong_password" time="0.591" /><testcase classname="backend.tests.test_auth_flows_e2e.TestRegisterLogin" name="test_me_endpoint_with_token" time="0.398" /><testcase classname="backend.tests.test_auth_flows_e2e.TestBruteForceLockout" name="test_five_failed_attempts_locks_account" time="1.968" /><testcase classname="backend.tests.test_auth_flows_e2e.TestForgotResetPassword" name="test_forgot_password_nonexistent_email_generic_message" time="0.097" /><testcase classname="backend.tests.test_auth_flows_e2e.TestForgotResetPassword" name="test_forgot_password_existing_email_generic_message" time="0.386" /><testcase classname="backend.tests.test_auth_flows_e2e.TestForgotResetPassword" name="test_reset_password_invalid_token_rejected" time="0.130" /><testcase classname="backend.tests.test_auth_flows_e2e.TestTenantIsolation" name="test_tenant_a_customer_not_visible_to_tenant_b" time="0.766" /><testcase classname="backend.tests.test_auth_flows_e2e.TestUnauthenticatedBoundary" name="test_protected_endpoints_require_auth[/customers]" time="0.129" /><testcase classname="backend.tests.test_auth_flows_e2e.TestUnauthenticatedBoundary" name="test_protected_endpoints_require_auth[/orders]" time="0.101" /><testcase classname="backend.tests.test_auth_flows_e2e.TestUnauthenticatedBoundary" name="test_protected_endpoints_require_auth[/tenant]" time="0.115" /><testcase classname="backend.tests.test_auth_flows_e2e.TestModuleSmoke" name="test_customers_list_after_auth" time="0.394" /><testcase classname="backend.tests.test_auth_flows_e2e.TestModuleSmoke" name="test_orders_list_after_auth" time="0.370" /><testcase classname="backend.tests.test_auth_flows_e2e.TestModuleSmoke" name="test_tenant_after_auth" time="0.368" /></testsuite></testsuites>