<?xml version="1.0" encoding="utf-8"?><testsuites name="pytest tests"><testsuite name="pytest" errors="0" failures="0" skipped="0" tests="18" time="4.571" timestamp="2026-07-06T09:21:03.636528+00:00" hostname="agent-env-3b5cbcbd-164a-49b2-bab9-51586c38df8f"><testcase classname="backend.tests.test_quotes_orders_invoices_flow.TestQuoteLifecycle" name="test_create_quote_has_sequential_number" time="0.190" /><testcase classname="backend.tests.test_quotes_orders_invoices_flow.TestQuoteLifecycle" name="test_sequential_numbers_no_collision" time="0.219" /><testcase classname="backend.tests.test_quotes_orders_invoices_flow.TestQuoteLifecycle" name="test_add_line_item_updates_totals" time="0.190" /><testcase classname="backend.tests.test_quotes_orders_invoices_flow.TestQuoteLifecycle" name="test_calculate_pricing_updates_item" time="0.195" /><testcase classname="backend.tests.test_quotes_orders_invoices_flow.TestQuoteLifecycle" name="test_approve_with_zero_line_items_fails_409" time="0.153" /><testcase classname="backend.tests.test_quotes_orders_invoices_flow.TestQuoteLifecycle" name="test_send_then_approve_records_fields" time="0.246" /><testcase classname="backend.tests.test_quotes_orders_invoices_flow.TestQuoteLifecycle" name="test_convert_to_order_idempotent" time="0.531" /><testcase classname="backend.tests.test_quotes_orders_invoices_flow.TestQuoteLifecycle" name="test_locked_quote_cannot_be_edited" time="0.392" /><testcase classname="backend.tests.test_quotes_orders_invoices_flow.TestDirectOrderFlow" name="test_direct_order_created_without_quote" time="0.150" /><testcase classname="backend.tests.test_quotes_orders_invoices_flow.TestInvoiceFlow" name="test_generate_invoice_from_order" time="0.271" /><testcase classname="backend.tests.test_quotes_orders_invoices_flow.TestInvoiceFlow" name="test_partial_then_full_payment" time="0.306" /><testcase classname="backend.tests.test_quotes_orders_invoices_flow.TestInvoiceFlow" name="test_cannot_manually_set_status_to_paid" time="0.246" /><testcase classname="backend.tests.test_quotes_orders_invoices_flow.TestInvoiceFlow" name="test_generate_invoice_without_items_fails_409" time="0.160" /><testcase classname="backend.tests.test_quotes_orders_invoices_flow.TestRegression" name="test_order_items_crud_still_works" time="0.209" /><testcase classname="backend.tests.test_quotes_orders_invoices_flow.TestRegression" name="test_generate_work_order_draft_still_works" time="0.239" /><testcase classname="backend.tests.test_quotes_orders_invoices_flow.TestRegression" name="test_generate_quote_endpoint_removed" time="0.159" /><testcase classname="backend.tests.test_quotes_orders_invoices_flow.TestRegression" name="test_doculink_entity_type_quote_and_invoice" time="0.378" /><testcase classname="backend.tests.test_quotes_orders_invoices_flow.TestRegression" name="test_dashboard_and_customers_load" time="0.100" /></testsuite></testsuites>