<?xml version="1.0" encoding="utf-8"?><testsuites name="pytest tests"><testsuite name="pytest" errors="0" failures="0" skipped="0" tests="6" time="0.913" timestamp="2026-07-06T09:08:57.829245+00:00" hostname="agent-env-3b5cbcbd-164a-49b2-bab9-51586c38df8f"><testcase classname="backend.tests.test_pricing_api_flows.TestPricingFoundation" name="test_put_pricing_foundation_persists_calculation_method" time="0.149" /><testcase classname="backend.tests.test_pricing_api_flows.TestOrderItemPricing" name="test_calculate_pricing_returns_breakdown" time="0.176" /><testcase classname="backend.tests.test_pricing_api_flows.TestOrderItemPricing" name="test_save_pricing_persists_snapshot" time="0.047" /><testcase classname="backend.tests.test_pricing_api_flows.TestOrderItemPricing" name="test_override_pricing_requires_reason_and_persists" time="0.096" /><testcase classname="backend.tests.test_pricing_api_flows.TestQuoteItemPricing" name="test_calculate_quote_item_pricing" time="0.194" /><testcase classname="backend.tests.test_pricing_api_flows.TestQuoteItemPricing" name="test_override_quote_item_pricing_updates_totals" time="0.150" /></testsuite></testsuites>